Start testing: Aug 07 05:08 UTC
----------------------------------------------------------
1/40 Testing: core_contract_test
1/40 Test: core_contract_test
Command: "/home/runner/work/calcotone/calcotone/native/build-portable/core_contract_test"
Directory: /home/runner/work/calcotone/calcotone/native/build-portable
"core_contract_test" start time: Aug 07 05:08 UTC
Output:
----------------------------------------------------------
CALCOTONE generated native full-rack contract manifest-v2 passed
<end of output>
Test time =   0.00 sec
----------------------------------------------------------
Test Passed.
"core_contract_test" end time: Aug 07 05:08 UTC
"core_contract_test" time elapsed: 00:00:00
----------------------------------------------------------

2/40 Testing: dsp_core_test
2/40 Test: dsp_core_test
Command: "/home/runner/work/calcotone/calcotone/native/build-portable/dsp_core_test"
Directory: /home/runner/work/calcotone/calcotone/native/build-portable
"dsp_core_test" start time: Aug 07 05:08 UTC
Output:
----------------------------------------------------------
<end of output>
Test time =   0.00 sec
----------------------------------------------------------
Test Passed.
"dsp_core_test" end time: Aug 07 05:08 UTC
"dsp_core_test" time elapsed: 00:00:00
----------------------------------------------------------

3/40 Testing: stack_amp_test
3/40 Test: stack_amp_test
Command: "/home/runner/work/calcotone/calcotone/native/build-portable/stack_amp_test"
Directory: /home/runner/work/calcotone/calcotone/native/build-portable
"stack_amp_test" start time: Aug 07 05:08 UTC
Output:
----------------------------------------------------------
Native STACK exact-worklet parity passed: 30 amp/cab identities, quality, sag, cabinet, glide, mix, and routing
<end of output>
Test time =   0.76 sec
----------------------------------------------------------
Test Passed.
"stack_amp_test" end time: Aug 07 05:08 UTC
"stack_amp_test" time elapsed: 00:00:00
----------------------------------------------------------

4/40 Testing: native_rack_test
4/40 Test: native_rack_test
Command: "/home/runner/work/calcotone/calcotone/native/build-portable/native_rack_test"
Directory: /home/runner/work/calcotone/calcotone/native/build-portable
"native_rack_test" start time: Aug 07 05:08 UTC
Output:
----------------------------------------------------------
native rack tests passed
<end of output>
Test time =   0.63 sec
----------------------------------------------------------
Test Passed.
"native_rack_test" end time: Aug 07 05:08 UTC
"native_rack_test" time elapsed: 00:00:00
----------------------------------------------------------

5/40 Testing: pitch_tracker_test
5/40 Test: pitch_tracker_test
Command: "/home/runner/work/calcotone/calcotone/native/build-portable/pitch_tracker_test"
Directory: /home/runner/work/calcotone/calcotone/native/build-portable
"pitch_tracker_test" start time: Aug 07 05:08 UTC
Output:
----------------------------------------------------------
pitch tracker tests passed
<end of output>
Test time =   0.00 sec
----------------------------------------------------------
Test Passed.
"pitch_tracker_test" end time: Aug 07 05:08 UTC
"pitch_tracker_test" time elapsed: 00:00:00
----------------------------------------------------------

6/40 Testing: native_processor_test
6/40 Test: native_processor_test
Command: "/home/runner/work/calcotone/calcotone/native/build-portable/native_processor_test"
Directory: /home/runner/work/calcotone/calcotone/native/build-portable
"native_processor_test" start time: Aug 07 05:08 UTC
Output:
----------------------------------------------------------
native processor transport boundary passed
<end of output>
Test time =   0.04 sec
----------------------------------------------------------
Test Passed.
"native_processor_test" end time: Aug 07 05:08 UTC
"native_processor_test" time elapsed: 00:00:00
----------------------------------------------------------

7/40 Testing: loop_processor_test
7/40 Test: loop_processor_test
Command: "/home/runner/work/calcotone/calcotone/native/build-portable/loop_processor_test"
Directory: /home/runner/work/calcotone/calcotone/native/build-portable
"loop_processor_test" start time: Aug 07 05:08 UTC
Output:
----------------------------------------------------------
<end of output>
Test time =   0.02 sec
----------------------------------------------------------
Test Passed.
"loop_processor_test" end time: Aug 07 05:08 UTC
"loop_processor_test" time elapsed: 00:00:00
----------------------------------------------------------

8/40 Testing: audio_device_config_test
8/40 Test: audio_device_config_test
Command: "/home/runner/work/calcotone/calcotone/native/build-portable/audio_device_config_test"
Directory: /home/runner/work/calcotone/calcotone/native/build-portable
"audio_device_config_test" start time: Aug 07 05:08 UTC
Output:
----------------------------------------------------------
audio device configuration passed
<end of output>
Test time =   0.00 sec
----------------------------------------------------------
Test Passed.
"audio_device_config_test" end time: Aug 07 05:08 UTC
"audio_device_config_test" time elapsed: 00:00:00
----------------------------------------------------------

9/40 Testing: audio_client_property_plan_test
9/40 Test: audio_client_property_plan_test
Command: "/home/runner/work/calcotone/calcotone/native/build-portable/audio_client_property_plan_test"
Directory: /home/runner/work/calcotone/calcotone/native/build-portable
"audio_client_property_plan_test" start time: Aug 07 05:08 UTC
Output:
----------------------------------------------------------
<end of output>
Test time =   0.00 sec
----------------------------------------------------------
Test Passed.
"audio_client_property_plan_test" end time: Aug 07 05:08 UTC
"audio_client_property_plan_test" time elapsed: 00:00:00
----------------------------------------------------------

10/40 Testing: audio_restart_policy_test
10/40 Test: audio_restart_policy_test
Command: "/home/runner/work/calcotone/calcotone/native/build-portable/audio_restart_policy_test"
Directory: /home/runner/work/calcotone/calcotone/native/build-portable
"audio_restart_policy_test" start time: Aug 07 05:08 UTC
Output:
----------------------------------------------------------
<end of output>
Test time =   0.00 sec
----------------------------------------------------------
Test Passed.
"audio_restart_policy_test" end time: Aug 07 05:08 UTC
"audio_restart_policy_test" time elapsed: 00:00:00
----------------------------------------------------------

11/40 Testing: elastic_stereo_fifo_test
11/40 Test: elastic_stereo_fifo_test
Command: "/home/runner/work/calcotone/calcotone/native/build-portable/elastic_stereo_fifo_test"
Directory: /home/runner/work/calcotone/calcotone/native/build-portable
"elastic_stereo_fifo_test" start time: Aug 07 05:08 UTC
Output:
----------------------------------------------------------
elastic stereo FIFO drift bridge passed
<end of output>
Test time =   0.00 sec
----------------------------------------------------------
Test Passed.
"elastic_stereo_fifo_test" end time: Aug 07 05:08 UTC
"elastic_stereo_fifo_test" time elapsed: 00:00:00
----------------------------------------------------------

12/40 Testing: elastic_stereo_fifo_discontinuity_test
12/40 Test: elastic_stereo_fifo_discontinuity_test
Command: "/home/runner/work/calcotone/calcotone/native/build-portable/elastic_stereo_fifo_discontinuity_test"
Directory: /home/runner/work/calcotone/calcotone/native/build-portable
"elastic_stereo_fifo_discontinuity_test" start time: Aug 07 05:08 UTC
Output:
----------------------------------------------------------
<end of output>
Test time =   0.00 sec
----------------------------------------------------------
Test Passed.
"elastic_stereo_fifo_discontinuity_test" end time: Aug 07 05:08 UTC
"elastic_stereo_fifo_discontinuity_test" time elapsed: 00:00:00
----------------------------------------------------------

13/40 Testing: stream_recovery_test
13/40 Test: stream_recovery_test
Command: "/home/runner/work/calcotone/calcotone/native/build-portable/stream_recovery_test"
Directory: /home/runner/work/calcotone/calcotone/native/build-portable
"stream_recovery_test" start time: Aug 07 05:08 UTC
Output:
----------------------------------------------------------
<end of output>
Test time =   0.00 sec
----------------------------------------------------------
Test Passed.
"stream_recovery_test" end time: Aug 07 05:08 UTC
"stream_recovery_test" time elapsed: 00:00:00
----------------------------------------------------------

14/40 Testing: adaptive_fifo_safety_test
14/40 Test: adaptive_fifo_safety_test
Command: "/home/runner/work/calcotone/calcotone/native/build-portable/adaptive_fifo_safety_test"
Directory: /home/runner/work/calcotone/calcotone/native/build-portable
"adaptive_fifo_safety_test" start time: Aug 07 05:08 UTC
Output:
----------------------------------------------------------
<end of output>
Test time =   0.00 sec
----------------------------------------------------------
Test Passed.
"adaptive_fifo_safety_test" end time: Aug 07 05:08 UTC
"adaptive_fifo_safety_test" time elapsed: 00:00:00
----------------------------------------------------------

15/40 Testing: atmos_parity_profile_test
15/40 Test: atmos_parity_profile_test
Command: "/home/runner/work/calcotone/calcotone/native/build-portable/atmos_parity_profile_test"
Directory: /home/runner/work/calcotone/calcotone/native/build-portable
"atmos_parity_profile_test" start time: Aug 07 05:08 UTC
Output:
----------------------------------------------------------
<end of output>
Test time =   0.00 sec
----------------------------------------------------------
Test Passed.
"atmos_parity_profile_test" end time: Aug 07 05:08 UTC
"atmos_parity_profile_test" time elapsed: 00:00:00
----------------------------------------------------------

16/40 Testing: atmos_parity_processor_test
16/40 Test: atmos_parity_processor_test
Command: "/home/runner/work/calcotone/calcotone/native/build-portable/atmos_parity_processor_test"
Directory: /home/runner/work/calcotone/calcotone/native/build-portable
"atmos_parity_processor_test" start time: Aug 07 05:08 UTC
Output:
----------------------------------------------------------
<end of output>
Test time =   1.26 sec
----------------------------------------------------------
Test Passed.
"atmos_parity_processor_test" end time: Aug 07 05:08 UTC
"atmos_parity_processor_test" time elapsed: 00:00:01
----------------------------------------------------------

17/40 Testing: atmos_lexicon224_converter_test
17/40 Test: atmos_lexicon224_converter_test
Command: "/home/runner/work/calcotone/calcotone/native/build-portable/atmos_lexicon224_converter_test"
Directory: /home/runner/work/calcotone/calcotone/native/build-portable
"atmos_lexicon224_converter_test" start time: Aug 07 05:08 UTC
Output:
----------------------------------------------------------
<end of output>
Test time =   0.00 sec
----------------------------------------------------------
Test Passed.
"atmos_lexicon224_converter_test" end time: Aug 07 05:08 UTC
"atmos_lexicon224_converter_test" time elapsed: 00:00:00
----------------------------------------------------------

18/40 Testing: native_atmos_live_parity_test
18/40 Test: native_atmos_live_parity_test
Command: "/home/runner/work/calcotone/calcotone/native/build-portable/native_atmos_live_parity_test"
Directory: /home/runner/work/calcotone/calcotone/native/build-portable
"native_atmos_live_parity_test" start time: Aug 07 05:08 UTC
Output:
----------------------------------------------------------
<end of output>
Test time =   0.25 sec
----------------------------------------------------------
Test Passed.
"native_atmos_live_parity_test" end time: Aug 07 05:08 UTC
"native_atmos_live_parity_test" time elapsed: 00:00:00
----------------------------------------------------------

19/40 Testing: ember_parity_profile_test
19/40 Test: ember_parity_profile_test
Command: "/home/runner/work/calcotone/calcotone/native/build-portable/ember_parity_profile_test"
Directory: /home/runner/work/calcotone/calcotone/native/build-portable
"ember_parity_profile_test" start time: Aug 07 05:08 UTC
Output:
----------------------------------------------------------
<end of output>
Test time =   0.00 sec
----------------------------------------------------------
Test Passed.
"ember_parity_profile_test" end time: Aug 07 05:08 UTC
"ember_parity_profile_test" time elapsed: 00:00:00
----------------------------------------------------------

20/40 Testing: ember_parity_processor_test
20/40 Test: ember_parity_processor_test
Command: "/home/runner/work/calcotone/calcotone/native/build-portable/ember_parity_processor_test"
Directory: /home/runner/work/calcotone/calcotone/native/build-portable
"ember_parity_processor_test" start time: Aug 07 05:08 UTC
Output:
----------------------------------------------------------
<end of output>
Test time =   0.03 sec
----------------------------------------------------------
Test Passed.
"ember_parity_processor_test" end time: Aug 07 05:08 UTC
"ember_parity_processor_test" time elapsed: 00:00:00
----------------------------------------------------------

21/40 Testing: ember_magnetic_core_processor_test
21/40 Test: ember_magnetic_core_processor_test
Command: "/home/runner/work/calcotone/calcotone/native/build-portable/ember_magnetic_core_processor_test"
Directory: /home/runner/work/calcotone/calcotone/native/build-portable
"ember_magnetic_core_processor_test" start time: Aug 07 05:08 UTC
Output:
----------------------------------------------------------
<end of output>
Test time =   0.01 sec
----------------------------------------------------------
Test Passed.
"ember_magnetic_core_processor_test" end time: Aug 07 05:08 UTC
"ember_magnetic_core_processor_test" time elapsed: 00:00:00
----------------------------------------------------------

22/40 Testing: ember_digital_capture_processor_test
22/40 Test: ember_digital_capture_processor_test
Command: "/home/runner/work/calcotone/calcotone/native/build-portable/ember_digital_capture_processor_test"
Directory: /home/runner/work/calcotone/calcotone/native/build-portable
"ember_digital_capture_processor_test" start time: Aug 07 05:08 UTC
Output:
----------------------------------------------------------
<end of output>
Test time =   0.01 sec
----------------------------------------------------------
Test Passed.
"ember_digital_capture_processor_test" end time: Aug 07 05:08 UTC
"ember_digital_capture_processor_test" time elapsed: 00:00:00
----------------------------------------------------------

23/40 Testing: native_ember_live_parity_test
23/40 Test: native_ember_live_parity_test
Command: "/home/runner/work/calcotone/calcotone/native/build-portable/native_ember_live_parity_test"
Directory: /home/runner/work/calcotone/calcotone/native/build-portable
"native_ember_live_parity_test" start time: Aug 07 05:08 UTC
Output:
----------------------------------------------------------
<end of output>
Test time =   0.07 sec
----------------------------------------------------------
Test Passed.
"native_ember_live_parity_test" end time: Aug 07 05:08 UTC
"native_ember_live_parity_test" time elapsed: 00:00:00
----------------------------------------------------------

24/40 Testing: drift_parity_processor_test
24/40 Test: drift_parity_processor_test
Command: "/home/runner/work/calcotone/calcotone/native/build-portable/drift_parity_processor_test"
Directory: /home/runner/work/calcotone/calcotone/native/build-portable
"drift_parity_processor_test" start time: Aug 07 05:08 UTC
Output:
----------------------------------------------------------
<end of output>
Test time =   0.05 sec
----------------------------------------------------------
Test Passed.
"drift_parity_processor_test" end time: Aug 07 05:08 UTC
"drift_parity_processor_test" time elapsed: 00:00:00
----------------------------------------------------------

25/40 Testing: drift_classic_processor_test
25/40 Test: drift_classic_processor_test
Command: "/home/runner/work/calcotone/calcotone/native/build-portable/drift_classic_processor_test"
Directory: /home/runner/work/calcotone/calcotone/native/build-portable
"drift_classic_processor_test" start time: Aug 07 05:08 UTC
Output:
----------------------------------------------------------
<end of output>
Test time =   0.04 sec
----------------------------------------------------------
Test Passed.
"drift_classic_processor_test" end time: Aug 07 05:08 UTC
"drift_classic_processor_test" time elapsed: 00:00:00
----------------------------------------------------------

26/40 Testing: drift_standard_processor_test
26/40 Test: drift_standard_processor_test
Command: "/home/runner/work/calcotone/calcotone/native/build-portable/drift_standard_processor_test"
Directory: /home/runner/work/calcotone/calcotone/native/build-portable
"drift_standard_processor_test" start time: Aug 07 05:08 UTC
Output:
----------------------------------------------------------
<end of output>
Test time =   0.14 sec
----------------------------------------------------------
Test Passed.
"drift_standard_processor_test" end time: Aug 07 05:08 UTC
"drift_standard_processor_test" time elapsed: 00:00:00
----------------------------------------------------------

27/40 Testing: halo_parity_processor_test
27/40 Test: halo_parity_processor_test
Command: "/home/runner/work/calcotone/calcotone/native/build-portable/halo_parity_processor_test"
Directory: /home/runner/work/calcotone/calcotone/native/build-portable
"halo_parity_processor_test" start time: Aug 07 05:08 UTC
Output:
----------------------------------------------------------
<end of output>
Test time =   0.36 sec
----------------------------------------------------------
Test Passed.
"halo_parity_processor_test" end time: Aug 07 05:08 UTC
"halo_parity_processor_test" time elapsed: 00:00:00
----------------------------------------------------------

28/40 Testing: halo_space_echo_processor_test
28/40 Test: halo_space_echo_processor_test
Command: "/home/runner/work/calcotone/calcotone/native/build-portable/halo_space_echo_processor_test"
Directory: /home/runner/work/calcotone/calcotone/native/build-portable
"halo_space_echo_processor_test" start time: Aug 07 05:08 UTC
Output:
----------------------------------------------------------
<end of output>
Test time =   0.50 sec
----------------------------------------------------------
Test Passed.
"halo_space_echo_processor_test" end time: Aug 07 05:08 UTC
"halo_space_echo_processor_test" time elapsed: 00:00:00
----------------------------------------------------------

29/40 Testing: grain_parity_processor_test
29/40 Test: grain_parity_processor_test
Command: "/home/runner/work/calcotone/calcotone/native/build-portable/grain_parity_processor_test"
Directory: /home/runner/work/calcotone/calcotone/native/build-portable
"grain_parity_processor_test" start time: Aug 07 05:08 UTC
Output:
----------------------------------------------------------
<end of output>
Test time =   0.70 sec
----------------------------------------------------------
Test Passed.
"grain_parity_processor_test" end time: Aug 07 05:08 UTC
"grain_parity_processor_test" time elapsed: 00:00:00
----------------------------------------------------------

30/40 Testing: native_grain_live_parity_test
30/40 Test: native_grain_live_parity_test
Command: "/home/runner/work/calcotone/calcotone/native/build-portable/native_grain_live_parity_test"
Directory: /home/runner/work/calcotone/calcotone/native/build-portable
"native_grain_live_parity_test" start time: Aug 07 05:08 UTC
Output:
----------------------------------------------------------
<end of output>
Test time =   0.43 sec
----------------------------------------------------------
Test Passed.
"native_grain_live_parity_test" end time: Aug 07 05:08 UTC
"native_grain_live_parity_test" time elapsed: 00:00:00
----------------------------------------------------------

31/40 Testing: artifact_parity_processor_test
31/40 Test: artifact_parity_processor_test
Command: "/home/runner/work/calcotone/calcotone/native/build-portable/artifact_parity_processor_test"
Directory: /home/runner/work/calcotone/calcotone/native/build-portable
"artifact_parity_processor_test" start time: Aug 07 05:08 UTC
Output:
----------------------------------------------------------
<end of output>
Test time =   0.33 sec
----------------------------------------------------------
Test Passed.
"artifact_parity_processor_test" end time: Aug 07 05:08 UTC
"artifact_parity_processor_test" time elapsed: 00:00:00
----------------------------------------------------------

32/40 Testing: native_artifact_live_parity_test
32/40 Test: native_artifact_live_parity_test
Command: "/home/runner/work/calcotone/calcotone/native/build-portable/native_artifact_live_parity_test"
Directory: /home/runner/work/calcotone/calcotone/native/build-portable
"native_artifact_live_parity_test" start time: Aug 07 05:08 UTC
Output:
----------------------------------------------------------
<end of output>
Test time =   0.24 sec
----------------------------------------------------------
Test Passed.
"native_artifact_live_parity_test" end time: Aug 07 05:09 UTC
"native_artifact_live_parity_test" time elapsed: 00:00:00
----------------------------------------------------------

33/40 Testing: stomp_parity_processor_test
33/40 Test: stomp_parity_processor_test
Command: "/home/runner/work/calcotone/calcotone/native/build-portable/stomp_parity_processor_test"
Directory: /home/runner/work/calcotone/calcotone/native/build-portable
"stomp_parity_processor_test" start time: Aug 07 05:09 UTC
Output:
----------------------------------------------------------
<end of output>
Test time =   0.16 sec
----------------------------------------------------------
Test Passed.
"stomp_parity_processor_test" end time: Aug 07 05:09 UTC
"stomp_parity_processor_test" time elapsed: 00:00:00
----------------------------------------------------------

34/40 Testing: native_stomp_live_parity_test
34/40 Test: native_stomp_live_parity_test
Command: "/home/runner/work/calcotone/calcotone/native/build-portable/native_stomp_live_parity_test"
Directory: /home/runner/work/calcotone/calcotone/native/build-portable
"native_stomp_live_parity_test" start time: Aug 07 05:09 UTC
Output:
----------------------------------------------------------
<end of output>
Test time =   0.12 sec
----------------------------------------------------------
Test Passed.
"native_stomp_live_parity_test" end time: Aug 07 05:09 UTC
"native_stomp_live_parity_test" time elapsed: 00:00:00
----------------------------------------------------------

35/40 Testing: pressure_parity_processor_test
35/40 Test: pressure_parity_processor_test
Command: "/home/runner/work/calcotone/calcotone/native/build-portable/pressure_parity_processor_test"
Directory: /home/runner/work/calcotone/calcotone/native/build-portable
"pressure_parity_processor_test" start time: Aug 07 05:09 UTC
Output:
----------------------------------------------------------
<end of output>
Test time =   0.36 sec
----------------------------------------------------------
Test Passed.
"pressure_parity_processor_test" end time: Aug 07 05:09 UTC
"pressure_parity_processor_test" time elapsed: 00:00:00
----------------------------------------------------------

36/40 Testing: native_pressure_live_parity_test
36/40 Test: native_pressure_live_parity_test
Command: "/home/runner/work/calcotone/calcotone/native/build-portable/native_pressure_live_parity_test"
Directory: /home/runner/work/calcotone/calcotone/native/build-portable
"native_pressure_live_parity_test" start time: Aug 07 05:09 UTC
Output:
----------------------------------------------------------
<end of output>
Test time =   0.22 sec
----------------------------------------------------------
Test Passed.
"native_pressure_live_parity_test" end time: Aug 07 05:09 UTC
"native_pressure_live_parity_test" time elapsed: 00:00:00
----------------------------------------------------------

37/40 Testing: dream_buffer_parity_processor_test
37/40 Test: dream_buffer_parity_processor_test
Command: "/home/runner/work/calcotone/calcotone/native/build-portable/dream_buffer_parity_processor_test"
Directory: /home/runner/work/calcotone/calcotone/native/build-portable
"dream_buffer_parity_processor_test" start time: Aug 07 05:09 UTC
Output:
----------------------------------------------------------
<end of output>
Test time =   0.15 sec
----------------------------------------------------------
Test Passed.
"dream_buffer_parity_processor_test" end time: Aug 07 05:09 UTC
"dream_buffer_parity_processor_test" time elapsed: 00:00:00
----------------------------------------------------------

38/40 Testing: native_dream_engine_test
38/40 Test: native_dream_engine_test
Command: "/home/runner/work/calcotone/calcotone/native/build-portable/native_dream_engine_test"
Directory: /home/runner/work/calcotone/calcotone/native/build-portable
"native_dream_engine_test" start time: Aug 07 05:09 UTC
Output:
----------------------------------------------------------
<end of output>
Test time =   0.24 sec
----------------------------------------------------------
Test Passed.
"native_dream_engine_test" end time: Aug 07 05:09 UTC
"native_dream_engine_test" time elapsed: 00:00:00
----------------------------------------------------------

39/40 Testing: native_dream_live_parity_test
39/40 Test: native_dream_live_parity_test
Command: "/home/runner/work/calcotone/calcotone/native/build-portable/native_dream_live_parity_test"
Directory: /home/runner/work/calcotone/calcotone/native/build-portable
"native_dream_live_parity_test" start time: Aug 07 05:09 UTC
Output:
----------------------------------------------------------
<end of output>
Test time =   0.61 sec
----------------------------------------------------------
Test Passed.
"native_dream_live_parity_test" end time: Aug 07 05:09 UTC
"native_dream_live_parity_test" time elapsed: 00:00:00
----------------------------------------------------------

40/40 Testing: halo_dual_grain_pitch_processor_test
40/40 Test: halo_dual_grain_pitch_processor_test
Command: "/home/runner/work/calcotone/calcotone/native/build-portable/halo_dual_grain_pitch_processor_test"
Directory: /home/runner/work/calcotone/calcotone/native/build-portable
"halo_dual_grain_pitch_processor_test" start time: Aug 07 05:09 UTC
Output:
----------------------------------------------------------
<end of output>
Test time =   0.01 sec
----------------------------------------------------------
Test Passed.
"halo_dual_grain_pitch_processor_test" end time: Aug 07 05:09 UTC
"halo_dual_grain_pitch_processor_test" time elapsed: 00:00:00
----------------------------------------------------------

End testing: Aug 07 05:09 UTC
